{"/home/ibrahimo/Dokumente/GitHub/RecipeSearch/Backend/src/Controllers/healthController.js": {"path":"/home/ibrahimo/Dokumente/GitHub/RecipeSearch/Backend/src/Controllers/healthController.js","statementMap":{"0":{"start":{"line":1,"column":28},"end":{"line":1,"column":64}},"1":{"start":{"line":4,"column":23},"end":{"line":4,"column":46}},"2":{"start":{"line":5,"column":2},"end":{"line":5,"column":50}},"3":{"start":{"line":8,"column":0},"end":{"line":8,"column":38}}},"fnMap":{"0":{"name":"sendHealthStatus","decl":{"start":{"line":3,"column":15},"end":{"line":3,"column":31}},"loc":{"start":{"line":3,"column":42},"end":{"line":6,"column":1}},"line":3}},"branchMap":{},"s":{"0":1,"1":1,"2":1,"3":1},"f":{"0":1},"b":{},"_coverageSchema":"1a1c01bbd47fc00a2c39e90264f33305004495a9","hash":"633c8fda79f5fc57434225a8454fef46c434c6be"}
,"/home/ibrahimo/Dokumente/GitHub/RecipeSearch/Backend/src/Controllers/recipeController.js": {"path":"/home/ibrahimo/Dokumente/GitHub/RecipeSearch/Backend/src/Controllers/recipeController.js","statementMap":{"0":{"start":{"line":1,"column":26},"end":{"line":1,"column":62}},"1":{"start":{"line":2,"column":30},"end":{"line":2,"column":74}},"2":{"start":{"line":5,"column":4},"end":{"line":25,"column":5}},"3":{"start":{"line":6,"column":20},"end":{"line":6,"column":36}},"4":{"start":{"line":7,"column":8},"end":{"line":9,"column":9}},"5":{"start":{"line":8,"column":10},"end":{"line":8,"column":88}},"6":{"start":{"line":12,"column":24},"end":{"line":12,"column":51}},"7":{"start":{"line":13,"column":8},"end":{"line":15,"column":9}},"8":{"start":{"line":14,"column":10},"end":{"line":14,"column":84}},"9":{"start":{"line":17,"column":27},"end":{"line":17,"column":55}},"10":{"start":{"line":18,"column":8},"end":{"line":20,"column":9}},"11":{"start":{"line":19,"column":12},"end":{"line":19,"column":64}},"12":{"start":{"line":21,"column":8},"end":{"line":21,"column":41}},"13":{"start":{"line":23,"column":8},"end":{"line":23,"column":60}},"14":{"start":{"line":24,"column":8},"end":{"line":24,"column":64}},"15":{"start":{"line":29,"column":4},"end":{"line":35,"column":5}},"16":{"start":{"line":30,"column":31},"end":{"line":30,"column":56}},"17":{"start":{"line":31,"column":8},"end":{"line":31,"column":45}},"18":{"start":{"line":33,"column":8},"end":{"line":33,"column":60}},"19":{"start":{"line":34,"column":8},"end":{"line":34,"column":64}},"20":{"start":{"line":40,"column":12},"end":{"line":40,"column":53}},"21":{"start":{"line":44,"column":4},"end":{"line":44,"column":75}},"22":{"start":{"line":46,"column":4},"end":{"line":46,"column":13}},"23":{"start":{"line":49,"column":0},"end":{"line":49,"column":56}}},"fnMap":{"0":{"name":"sendRecipeList","decl":{"start":{"line":4,"column":15},"end":{"line":4,"column":29}},"loc":{"start":{"line":4,"column":40},"end":{"line":26,"column":1}},"line":4},"1":{"name":"sendRecipeOfTheDay","decl":{"start":{"line":28,"column":15},"end":{"line":28,"column":33}},"loc":{"start":{"line":28,"column":44},"end":{"line":36,"column":1}},"line":28},"2":{"name":"sanitizeKeywordForLike","decl":{"start":{"line":38,"column":9},"end":{"line":38,"column":31}},"loc":{"start":{"line":38,"column":40},"end":{"line":47,"column":1}},"line":38}},"branchMap":{"0":{"loc":{"start":{"line":7,"column":8},"end":{"line":9,"column":9}},"type":"if","locations":[{"start":{"line":7,"column":8},"end":{"line":9,"column":9}},{"start":{},"end":{}}],"line":7},"1":{"loc":{"start":{"line":7,"column":12},"end":{"line":7,"column":43}},"type":"binary-expr","locations":[{"start":{"line":7,"column":12},"end":{"line":7,"column":16}},{"start":{"line":7,"column":20},"end":{"line":7,"column":43}}],"line":7},"2":{"loc":{"start":{"line":13,"column":8},"end":{"line":15,"column":9}},"type":"if","locations":[{"start":{"line":13,"column":8},"end":{"line":15,"column":9}},{"start":{},"end":{}}],"line":13},"3":{"loc":{"start":{"line":18,"column":8},"end":{"line":20,"column":9}},"type":"if","locations":[{"start":{"line":18,"column":8},"end":{"line":20,"column":9}},{"start":{},"end":{}}],"line":18},"4":{"loc":{"start":{"line":40,"column":19},"end":{"line":40,"column":32}},"type":"binary-expr","locations":[{"start":{"line":40,"column":19},"end":{"line":40,"column":26}},{"start":{"line":40,"column":30},"end":{"line":40,"column":32}}],"line":40}},"s":{"0":2,"1":2,"2":4,"3":4,"4":4,"5":1,"6":3,"7":3,"8":0,"9":3,"10":2,"11":1,"12":2,"13":1,"14":1,"15":2,"16":2,"17":1,"18":1,"19":1,"20":3,"21":3,"22":3,"23":2},"f":{"0":4,"1":2,"2":3},"b":{"0":[1,3],"1":[4,3],"2":[0,3],"3":[1,1],"4":[3,0]},"_coverageSchema":"1a1c01bbd47fc00a2c39e90264f33305004495a9","hash":"fd39c61c0a67da81a1bf3dc8a690761371578f1a"}
,"/home/ibrahimo/Dokumente/GitHub/RecipeSearch/Backend/src/Model/recipe.mapper.js": {"path":"/home/ibrahimo/Dokumente/GitHub/RecipeSearch/Backend/src/Model/recipe.mapper.js","statementMap":{"0":{"start":{"line":2,"column":4},"end":{"line":9,"column":6}},"1":{"start":{"line":13,"column":24},"end":{"line":13,"column":26}},"2":{"start":{"line":14,"column":4},"end":{"line":17,"column":5}},"3":{"start":{"line":14,"column":17},"end":{"line":14,"column":18}},"4":{"start":{"line":15,"column":19},"end":{"line":15,"column":49}},"5":{"start":{"line":16,"column":6},"end":{"line":16,"column":54}},"6":{"start":{"line":16,"column":31},"end":{"line":16,"column":54}},"7":{"start":{"line":18,"column":4},"end":{"line":18,"column":23}},"8":{"start":{"line":22,"column":21},"end":{"line":22,"column":23}},"9":{"start":{"line":23,"column":4},"end":{"line":26,"column":5}},"10":{"start":{"line":23,"column":17},"end":{"line":23,"column":18}},"11":{"start":{"line":24,"column":22},"end":{"line":24,"column":49}},"12":{"start":{"line":25,"column":6},"end":{"line":25,"column":60}},"13":{"start":{"line":25,"column":37},"end":{"line":25,"column":60}},"14":{"start":{"line":27,"column":4},"end":{"line":27,"column":20}},"15":{"start":{"line":30,"column":0},"end":{"line":30,"column":36}}},"fnMap":{"0":{"name":"mapMealDbRecipe","decl":{"start":{"line":1,"column":9},"end":{"line":1,"column":24}},"loc":{"start":{"line":1,"column":36},"end":{"line":10,"column":3}},"line":1},"1":{"name":"extractIngredients","decl":{"start":{"line":12,"column":11},"end":{"line":12,"column":29}},"loc":{"start":{"line":12,"column":41},"end":{"line":19,"column":3}},"line":12},"2":{"name":"extractMeasures","decl":{"start":{"line":21,"column":11},"end":{"line":21,"column":26}},"loc":{"start":{"line":21,"column":38},"end":{"line":28,"column":3}},"line":21}},"branchMap":{"0":{"loc":{"start":{"line":16,"column":6},"end":{"line":16,"column":54}},"type":"if","locations":[{"start":{"line":16,"column":6},"end":{"line":16,"column":54}},{"start":{},"end":{}}],"line":16},"1":{"loc":{"start":{"line":16,"column":10},"end":{"line":16,"column":29}},"type":"binary-expr","locations":[{"start":{"line":16,"column":10},"end":{"line":16,"column":14}},{"start":{"line":16,"column":18},"end":{"line":16,"column":29}}],"line":16},"2":{"loc":{"start":{"line":25,"column":6},"end":{"line":25,"column":60}},"type":"if","locations":[{"start":{"line":25,"column":6},"end":{"line":25,"column":60}},{"start":{},"end":{}}],"line":25},"3":{"loc":{"start":{"line":25,"column":10},"end":{"line":25,"column":35}},"type":"binary-expr","locations":[{"start":{"line":25,"column":10},"end":{"line":25,"column":17}},{"start":{"line":25,"column":21},"end":{"line":25,"column":35}}],"line":25}},"s":{"0":1,"1":1,"2":1,"3":1,"4":20,"5":20,"6":7,"7":1,"8":1,"9":1,"10":1,"11":20,"12":20,"13":7,"14":1,"15":3},"f":{"0":1,"1":1,"2":1},"b":{"0":[7,13],"1":[20,7],"2":[7,13],"3":[20,7]},"_coverageSchema":"1a1c01bbd47fc00a2c39e90264f33305004495a9","hash":"fe9a5d9c1fbc0e79b19f02592a28b2b4d4ef3ea1"}
,"/home/ibrahimo/Dokumente/GitHub/RecipeSearch/Backend/src/Model/recipe.model.js": {"path":"/home/ibrahimo/Dokumente/GitHub/RecipeSearch/Backend/src/Model/recipe.model.js","statementMap":{"0":{"start":{"line":1,"column":12},"end":{"line":1,"column":26}},"1":{"start":{"line":3,"column":20},"end":{"line":33,"column":2}},"2":{"start":{"line":35,"column":0},"end":{"line":35,"column":32}}},"fnMap":{},"branchMap":{},"s":{"0":2,"1":2,"2":2},"f":{},"b":{},"_coverageSchema":"1a1c01bbd47fc00a2c39e90264f33305004495a9","hash":"5db691b04bd9d1ceaba30083607a0798336f3d04"}
,"/home/ibrahimo/Dokumente/GitHub/RecipeSearch/Backend/src/Services/recipeOfTheDayService.js": {"path":"/home/ibrahimo/Dokumente/GitHub/RecipeSearch/Backend/src/Services/recipeOfTheDayService.js","statementMap":{"0":{"start":{"line":1,"column":14},"end":{"line":1,"column":30}},"1":{"start":{"line":2,"column":28},"end":{"line":2,"column":64}},"2":{"start":{"line":3,"column":24},"end":{"line":3,"column":59}},"3":{"start":{"line":5,"column":26},"end":{"line":8,"column":1}},"4":{"start":{"line":11,"column":4},"end":{"line":30,"column":5}},"5":{"start":{"line":12,"column":25},"end":{"line":12,"column":94}},"6":{"start":{"line":13,"column":26},"end":{"line":13,"column":39}},"7":{"start":{"line":14,"column":23},"end":{"line":14,"column":49}},"8":{"start":{"line":16,"column":33},"end":{"line":16,"column":61}},"9":{"start":{"line":17,"column":8},"end":{"line":19,"column":9}},"10":{"start":{"line":18,"column":12},"end":{"line":18,"column":69}},"11":{"start":{"line":21,"column":8},"end":{"line":21,"column":21}},"12":{"start":{"line":23,"column":8},"end":{"line":29,"column":9}},"13":{"start":{"line":24,"column":12},"end":{"line":24,"column":101}},"14":{"start":{"line":25,"column":15},"end":{"line":29,"column":9}},"15":{"start":{"line":26,"column":12},"end":{"line":26,"column":40}},"16":{"start":{"line":28,"column":12},"end":{"line":28,"column":68}},"17":{"start":{"line":34,"column":23},"end":{"line":34,"column":42}},"18":{"start":{"line":36,"column":4},"end":{"line":41,"column":5}},"19":{"start":{"line":40,"column":8},"end":{"line":40,"column":40}},"20":{"start":{"line":43,"column":19},"end":{"line":43,"column":44}},"21":{"start":{"line":44,"column":8},"end":{"line":47,"column":6}},"22":{"start":{"line":48,"column":4},"end":{"line":48,"column":18}},"23":{"start":{"line":52,"column":4},"end":{"line":59,"column":5}},"24":{"start":{"line":53,"column":8},"end":{"line":53,"column":63}},"25":{"start":{"line":54,"column":8},"end":{"line":54,"column":61}},"26":{"start":{"line":55,"column":8},"end":{"line":55,"column":53}},"27":{"start":{"line":56,"column":8},"end":{"line":56,"column":62}},"28":{"start":{"line":58,"column":8},"end":{"line":58,"column":73}},"29":{"start":{"line":61,"column":4},"end":{"line":71,"column":28}},"30":{"start":{"line":62,"column":8},"end":{"line":70,"column":9}},"31":{"start":{"line":63,"column":12},"end":{"line":63,"column":59}},"32":{"start":{"line":64,"column":30},"end":{"line":64,"column":55}},"33":{"start":{"line":65,"column":12},"end":{"line":65,"column":49}},"34":{"start":{"line":66,"column":12},"end":{"line":66,"column":57}},"35":{"start":{"line":67,"column":12},"end":{"line":67,"column":54}},"36":{"start":{"line":69,"column":12},"end":{"line":69,"column":66}},"37":{"start":{"line":74,"column":0},"end":{"line":74,"column":59}}},"fnMap":{"0":{"name":"fetchRandomRecipe","decl":{"start":{"line":10,"column":15},"end":{"line":10,"column":32}},"loc":{"start":{"line":10,"column":35},"end":{"line":31,"column":1}},"line":10},"1":{"name":"getRecipeOfTheDay","decl":{"start":{"line":33,"column":15},"end":{"line":33,"column":32}},"loc":{"start":{"line":33,"column":35},"end":{"line":49,"column":1}},"line":33},"2":{"name":"initRecipeScheduler","decl":{"start":{"line":51,"column":15},"end":{"line":51,"column":34}},"loc":{"start":{"line":51,"column":37},"end":{"line":72,"column":1}},"line":51},"3":{"name":"(anonymous_3)","decl":{"start":{"line":61,"column":16},"end":{"line":61,"column":17}},"loc":{"start":{"line":61,"column":28},"end":{"line":71,"column":5}},"line":61}},"branchMap":{"0":{"loc":{"start":{"line":17,"column":8},"end":{"line":19,"column":9}},"type":"if","locations":[{"start":{"line":17,"column":8},"end":{"line":19,"column":9}},{"start":{},"end":{}}],"line":17},"1":{"loc":{"start":{"line":23,"column":8},"end":{"line":29,"column":9}},"type":"if","locations":[{"start":{"line":23,"column":8},"end":{"line":29,"column":9}},{"start":{"line":25,"column":15},"end":{"line":29,"column":9}}],"line":23},"2":{"loc":{"start":{"line":25,"column":15},"end":{"line":29,"column":9}},"type":"if","locations":[{"start":{"line":25,"column":15},"end":{"line":29,"column":9}},{"start":{"line":27,"column":15},"end":{"line":29,"column":9}}],"line":25},"3":{"loc":{"start":{"line":36,"column":4},"end":{"line":41,"column":5}},"type":"if","locations":[{"start":{"line":36,"column":4},"end":{"line":41,"column":5}},{"start":{},"end":{}}],"line":36},"4":{"loc":{"start":{"line":37,"column":8},"end":{"line":38,"column":65}},"type":"binary-expr","locations":[{"start":{"line":37,"column":8},"end":{"line":37,"column":32}},{"start":{"line":38,"column":8},"end":{"line":38,"column":65}}],"line":37}},"s":{"0":1,"1":1,"2":1,"3":1,"4":0,"5":0,"6":0,"7":0,"8":0,"9":0,"10":0,"11":0,"12":0,"13":0,"14":0,"15":0,"16":0,"17":0,"18":0,"19":0,"20":0,"21":0,"22":0,"23":0,"24":0,"25":0,"26":0,"27":0,"28":0,"29":0,"30":0,"31":0,"32":0,"33":0,"34":0,"35":0,"36":0,"37":1},"f":{"0":0,"1":0,"2":0,"3":0},"b":{"0":[0,0],"1":[0,0],"2":[0,0],"3":[0,0],"4":[0,0]},"_coverageSchema":"1a1c01bbd47fc00a2c39e90264f33305004495a9","hash":"76fb7f4215ccdb789bf15d1f01f06dc3f7dbef9a"}
,"/home/ibrahimo/Dokumente/GitHub/RecipeSearch/Backend/src/Services/recipeService.js": {"path":"/home/ibrahimo/Dokumente/GitHub/RecipeSearch/Backend/src/Services/recipeService.js","statementMap":{"0":{"start":{"line":1,"column":14},"end":{"line":1,"column":30}},"1":{"start":{"line":2,"column":28},"end":{"line":2,"column":64}},"2":{"start":{"line":3,"column":24},"end":{"line":3,"column":59}},"3":{"start":{"line":6,"column":23},"end":{"line":6,"column":25}},"4":{"start":{"line":7,"column":4},"end":{"line":29,"column":5}},"5":{"start":{"line":8,"column":25},"end":{"line":8,"column":107}},"6":{"start":{"line":9,"column":8},"end":{"line":18,"column":11}},"7":{"start":{"line":10,"column":27},"end":{"line":10,"column":50}},"8":{"start":{"line":12,"column":37},"end":{"line":12,"column":65}},"9":{"start":{"line":13,"column":12},"end":{"line":17,"column":13}},"10":{"start":{"line":14,"column":16},"end":{"line":14,"column":39}},"11":{"start":{"line":16,"column":16},"end":{"line":16,"column":73}},"12":{"start":{"line":20,"column":8},"end":{"line":20,"column":35}},"13":{"start":{"line":22,"column":8},"end":{"line":28,"column":9}},"14":{"start":{"line":23,"column":12},"end":{"line":23,"column":101}},"15":{"start":{"line":24,"column":15},"end":{"line":28,"column":9}},"16":{"start":{"line":25,"column":12},"end":{"line":25,"column":40}},"17":{"start":{"line":27,"column":12},"end":{"line":27,"column":68}},"18":{"start":{"line":32,"column":0},"end":{"line":32,"column":34}}},"fnMap":{"0":{"name":"getRecipeList","decl":{"start":{"line":5,"column":15},"end":{"line":5,"column":28}},"loc":{"start":{"line":5,"column":38},"end":{"line":30,"column":1}},"line":5},"1":{"name":"(anonymous_1)","decl":{"start":{"line":9,"column":27},"end":{"line":9,"column":28}},"loc":{"start":{"line":9,"column":39},"end":{"line":18,"column":9}},"line":9}},"branchMap":{"0":{"loc":{"start":{"line":13,"column":12},"end":{"line":17,"column":13}},"type":"if","locations":[{"start":{"line":13,"column":12},"end":{"line":17,"column":13}},{"start":{"line":15,"column":18},"end":{"line":17,"column":13}}],"line":13},"1":{"loc":{"start":{"line":22,"column":8},"end":{"line":28,"column":9}},"type":"if","locations":[{"start":{"line":22,"column":8},"end":{"line":28,"column":9}},{"start":{"line":24,"column":15},"end":{"line":28,"column":9}}],"line":22},"2":{"loc":{"start":{"line":24,"column":15},"end":{"line":28,"column":9}},"type":"if","locations":[{"start":{"line":24,"column":15},"end":{"line":28,"column":9}},{"start":{"line":26,"column":15},"end":{"line":28,"column":9}}],"line":24}},"s":{"0":1,"1":1,"2":1,"3":0,"4":0,"5":0,"6":0,"7":0,"8":0,"9":0,"10":0,"11":0,"12":0,"13":0,"14":0,"15":0,"16":0,"17":0,"18":1},"f":{"0":0,"1":0},"b":{"0":[0,0],"1":[0,0],"2":[0,0]},"_coverageSchema":"1a1c01bbd47fc00a2c39e90264f33305004495a9","hash":"9608efb0e8253cee6222d18fee106b931f886d89"}
}
