TN:
SF:src/Controllers/healthController.js
FN:3,sendHealthStatus
FNF:1
FNH:1
FNDA:1,sendHealthStatus
DA:1,1
DA:4,1
DA:5,1
DA:8,1
LF:4
LH:4
BRF:0
BRH:0
end_of_record
TN:
SF:src/Controllers/recipeController.js
FN:4,sendRecipeList
FN:28,sendRecipeOfTheDay
FN:38,sanitizeKeywordForLike
FNF:3
FNH:3
FNDA:4,sendRecipeList
FNDA:2,sendRecipeOfTheDay
FNDA:3,sanitizeKeywordForLike
DA:1,2
DA:2,2
DA:5,4
DA:6,4
DA:7,4
DA:8,1
DA:12,3
DA:13,3
DA:14,0
DA:17,3
DA:18,2
DA:19,1
DA:21,2
DA:23,1
DA:24,1
DA:29,2
DA:30,2
DA:31,1
DA:33,1
DA:34,1
DA:40,3
DA:44,3
DA:46,3
DA:49,2
LF:24
LH:23
BRDA:7,0,0,1
BRDA:7,0,1,3
BRDA:7,1,0,4
BRDA:7,1,1,3
BRDA:13,2,0,0
BRDA:13,2,1,3
BRDA:18,3,0,1
BRDA:18,3,1,1
BRDA:40,4,0,3
BRDA:40,4,1,0
BRF:10
BRH:8
end_of_record
TN:
SF:src/Model/recipe.mapper.js
FN:1,mapMealDbRecipe
FN:12,extractIngredients
FN:21,extractMeasures
FNF:3
FNH:3
FNDA:1,mapMealDbRecipe
FNDA:1,extractIngredients
FNDA:1,extractMeasures
DA:2,1
DA:13,1
DA:14,1
DA:15,20
DA:16,20
DA:18,1
DA:22,1
DA:23,1
DA:24,20
DA:25,20
DA:27,1
DA:30,3
LF:12
LH:12
BRDA:16,0,0,7
BRDA:16,0,1,13
BRDA:16,1,0,20
BRDA:16,1,1,7
BRDA:25,2,0,7
BRDA:25,2,1,13
BRDA:25,3,0,20
BRDA:25,3,1,7
BRF:8
BRH:8
end_of_record
TN:
SF:src/Model/recipe.model.js
FNF:0
FNH:0
DA:1,2
DA:3,2
DA:35,2
LF:3
LH:3
BRF:0
BRH:0
end_of_record
TN:
SF:src/Services/recipeOfTheDayService.js
FN:10,fetchRandomRecipe
FN:33,getRecipeOfTheDay
FN:51,initRecipeScheduler
FN:61,(anonymous_3)
FNF:4
FNH:0
FNDA:0,fetchRandomRecipe
FNDA:0,getRecipeOfTheDay
FNDA:0,initRecipeScheduler
FNDA:0,(anonymous_3)
DA:1,1
DA:2,1
DA:3,1
DA:5,1
DA:11,0
DA:12,0
DA:13,0
DA:14,0
DA:16,0
DA:17,0
DA:18,0
DA:21,0
DA:23,0
DA:24,0
DA:25,0
DA:26,0
DA:28,0
DA:34,0
DA:36,0
DA:40,0
DA:43,0
DA:44,0
DA:48,0
DA:52,0
DA:53,0
DA:54,0
DA:55,0
DA:56,0
DA:58,0
DA:61,0
DA:62,0
DA:63,0
DA:64,0
DA:65,0
DA:66,0
DA:67,0
DA:69,0
DA:74,1
LF:38
LH:5
BRDA:17,0,0,0
BRDA:17,0,1,0
BRDA:23,1,0,0
BRDA:23,1,1,0
BRDA:25,2,0,0
BRDA:25,2,1,0
BRDA:36,3,0,0
BRDA:36,3,1,0
BRDA:37,4,0,0
BRDA:37,4,1,0
BRF:10
BRH:0
end_of_record
TN:
SF:src/Services/recipeService.js
FN:5,getRecipeList
FN:9,(anonymous_1)
FNF:2
FNH:0
FNDA:0,getRecipeList
FNDA:0,(anonymous_1)
DA:1,1
DA:2,1
DA:3,1
DA:6,0
DA:7,0
DA:8,0
DA:9,0
DA:10,0
DA:12,0
DA:13,0
DA:14,0
DA:16,0
DA:20,0
DA:22,0
DA:23,0
DA:24,0
DA:25,0
DA:27,0
DA:32,1
LF:19
LH:4
BRDA:13,0,0,0
BRDA:13,0,1,0
BRDA:22,1,0,0
BRDA:22,1,1,0
BRDA:24,2,0,0
BRDA:24,2,1,0
BRF:6
BRH:0
end_of_record
